<?xml version="1.0" encoding="UTF-8"?>
<!-- Generated by org.testng.reporters.JUnitReportReporter -->
<testsuite skipped="0" hostname="E003626170A" name="SamplePackage1.Scenarios" tests="3" failures="0" timestamp="27 Ara 2018 11:51:52 GMT" time="30.173" errors="0">
  <testcase name="VerifyPackageSelection" time="11.104" classname="SamplePackage1.Scenarios"/>
  <testcase name="VerifyRegistiration" time="13.266" classname="SamplePackage1.Scenarios"/>
  <testcase name="VerifyPaymentPanel" time="5.803" classname="SamplePackage1.Scenarios"/>
</testsuite> <!-- SamplePackage1.Scenarios -->
